2026-01-05 19:20:44,361 - EXPLORATION - INFO - Starting Data Exploration...
2026-01-05 19:20:44,361 - EXPLORATION - INFO - Loading train data from Data/train.csv
2026-01-05 19:20:44,361 - EXPLORATION - INFO - Loading test data from Data/test.csv
2026-01-05 19:20:44,361 - EXPLORATION - INFO - Generating visualizations (Placeholder)...
2026-01-05 19:20:44,361 - EXPLORATION - INFO - Saving plots to outputs/visualizations
2026-01-05 19:20:44,361 - EXPLORATION - INFO - Data Exploration completed.
2026-01-05 19:58:31,124 - EXPLORATION - INFO - Starting Data Exploration...
2026-01-05 19:58:31,124 - EXPLORATION - INFO - Loading train data from Data/train.csv
2026-01-05 19:58:31,124 - EXPLORATION - INFO - Loading test data from Data/test.csv
2026-01-05 19:58:31,125 - EXPLORATION - INFO - Generating visualizations (Placeholder)...
2026-01-05 19:58:31,125 - EXPLORATION - INFO - Saving plots to outputs/visualizations
2026-01-05 19:58:31,125 - EXPLORATION - INFO - Data Exploration completed.
2026-01-05 19:59:00,057 - EXPLORATION - INFO - Starting Data Exploration...
2026-01-05 19:59:00,057 - EXPLORATION - INFO - Loading train data from Data/train.csv
2026-01-05 19:59:00,057 - EXPLORATION - INFO - Loading test data from Data/test.csv
2026-01-05 19:59:00,057 - EXPLORATION - INFO - Generating visualizations (Placeholder)...
2026-01-05 19:59:00,058 - EXPLORATION - INFO - Saving plots to outputs/visualizations
2026-01-05 19:59:00,058 - EXPLORATION - INFO - Data Exploration completed.
2026-01-05 20:00:35,242 - EXPLORATION - INFO - Starting Data Exploration...
2026-01-05 20:00:35,245 - EXPLORATION - INFO - Loading train data from Data/train.csv
2026-01-05 20:00:35,245 - EXPLORATION - INFO - Loading test data from Data/test.csv
2026-01-05 20:00:35,245 - EXPLORATION - INFO - Generating visualizations (Placeholder)...
2026-01-05 20:00:35,245 - EXPLORATION - INFO - Saving plots to outputs/visualizations
2026-01-05 20:00:35,246 - EXPLORATION - INFO - Data Exploration completed.
2026-01-05 20:07:09,963 - EXPLORATION - INFO - Starting Data Exploration...
2026-01-05 20:07:09,963 - EXPLORATION - INFO - Loading train data from Data/train.csv
2026-01-05 20:07:09,963 - EXPLORATION - INFO - Loading test data from Data/test.csv
2026-01-05 20:07:09,963 - EXPLORATION - INFO - Generating visualizations (Placeholder)...
2026-01-05 20:07:09,963 - EXPLORATION - INFO - Saving plots to outputs/visualizations
2026-01-05 20:07:09,963 - EXPLORATION - INFO - Data Exploration completed.
2026-01-05 20:09:35,174 - EXPLORATION - INFO - Starting Data Exploration...
2026-01-05 20:09:35,174 - EXPLORATION - INFO - Loading train data from Data/train.csv
2026-01-05 20:09:35,174 - EXPLORATION - INFO - Loading test data from Data/test.csv
2026-01-05 20:09:35,174 - EXPLORATION - INFO - Generating visualizations (Placeholder)...
2026-01-05 20:09:35,174 - EXPLORATION - INFO - Saving plots to outputs/visualizations
2026-01-05 20:09:35,174 - EXPLORATION - INFO - Data Exploration completed.
2026-01-05 20:10:45,693 - EXPLORATION - INFO - Starting Data Exploration...
2026-01-05 20:10:45,693 - EXPLORATION - INFO - Loading train data from Data/train.csv
2026-01-05 20:10:45,694 - EXPLORATION - INFO - Loading test data from Data/test.csv
2026-01-05 20:10:45,694 - EXPLORATION - INFO - Generating visualizations (Placeholder)...
2026-01-05 20:10:45,694 - EXPLORATION - INFO - Saving plots to outputs/visualizations
2026-01-05 20:10:45,694 - EXPLORATION - INFO - Data Exploration completed.
2026-01-05 20:19:00,207 - EXPLORATION - INFO - Starting Data Exploration...
2026-01-05 20:19:00,207 - EXPLORATION - INFO - Loading train data from Data/train.csv
2026-01-05 20:19:00,207 - EXPLORATION - INFO - Loading test data from Data/test.csv
2026-01-05 20:19:00,207 - EXPLORATION - INFO - Generating visualizations (Placeholder)...
2026-01-05 20:19:00,207 - EXPLORATION - INFO - Saving plots to outputs/visualizations
2026-01-05 20:19:00,207 - EXPLORATION - INFO - Data Exploration completed.
2026-01-05 20:20:13,311 - EXPLORATION - INFO - Starting Data Exploration...
2026-01-05 20:20:13,311 - EXPLORATION - INFO - Loading train data from Data/train.csv
2026-01-05 20:20:13,311 - EXPLORATION - INFO - Loading test data from Data/test.csv
2026-01-05 20:20:13,311 - EXPLORATION - INFO - Generating visualizations (Placeholder)...
2026-01-05 20:20:13,311 - EXPLORATION - INFO - Saving plots to outputs/visualizations
2026-01-05 20:20:13,311 - EXPLORATION - INFO - Data Exploration completed.
2026-01-05 22:04:35,828 - EXPLORATION - INFO - Starting Data Exploration...
2026-01-05 22:04:35,828 - EXPLORATION - INFO - Loading train data from Data/train.csv
2026-01-05 22:04:35,828 - EXPLORATION - INFO - Loading test data from Data/test.csv
2026-01-05 22:04:35,828 - EXPLORATION - INFO - Generating visualizations (Placeholder)...
2026-01-05 22:04:35,828 - EXPLORATION - INFO - Saving plots to outputs/visualizations
2026-01-05 22:04:35,828 - EXPLORATION - INFO - Data Exploration completed.
