2026-01-05 19:20:44,364 - FEATURE_ENGINEERING - INFO - Starting Feature Engineering...
2026-01-05 19:20:44,364 - FEATURE_ENGINEERING - INFO - Creating new features (Placeholder)...
2026-01-05 19:20:44,364 - FEATURE_ENGINEERING - INFO - Encoding categorical variables (Placeholder)...
2026-01-05 19:20:44,364 - FEATURE_ENGINEERING - INFO - Saving processed data to outputs/artifacts/processed_data.csv
2026-01-05 19:20:44,364 - FEATURE_ENGINEERING - INFO - Feature Engineering completed.
2026-01-05 19:58:33,322 - FEATURE_ENGINEERING - INFO - Starting Feature Engineering...
2026-01-05 19:58:33,785 - FEATURE_ENGINEERING - INFO - Encoding categorical columns: ['gender', 'course', 'internet_access', 'sleep_quality', 'study_method', 'facility_rating', 'exam_difficulty']
2026-01-05 19:58:34,320 - FEATURE_ENGINEERING - INFO - Saving processed data to outputs/artifacts/processed_train.csv and outputs/artifacts/processed_test.csv
2026-01-05 19:58:35,946 - FEATURE_ENGINEERING - INFO - Feature Engineering completed.
2026-01-05 19:59:02,244 - FEATURE_ENGINEERING - INFO - Starting Feature Engineering...
2026-01-05 19:59:02,711 - FEATURE_ENGINEERING - INFO - Encoding categorical columns: ['gender', 'course', 'internet_access', 'sleep_quality', 'study_method', 'facility_rating', 'exam_difficulty']
2026-01-05 19:59:03,242 - FEATURE_ENGINEERING - INFO - Saving processed data to outputs/artifacts/processed_train.csv and outputs/artifacts/processed_test.csv
2026-01-05 19:59:04,901 - FEATURE_ENGINEERING - INFO - Feature Engineering completed.
2026-01-05 20:00:37,409 - FEATURE_ENGINEERING - INFO - Starting Feature Engineering...
2026-01-05 20:00:37,848 - FEATURE_ENGINEERING - INFO - Encoding categorical columns: ['gender', 'course', 'internet_access', 'sleep_quality', 'study_method', 'facility_rating', 'exam_difficulty']
2026-01-05 20:00:38,372 - FEATURE_ENGINEERING - INFO - Saving processed data to outputs/artifacts/processed_train.csv and outputs/artifacts/processed_test.csv
2026-01-05 20:00:39,903 - FEATURE_ENGINEERING - INFO - Feature Engineering completed.
2026-01-05 20:07:12,563 - FEATURE_ENGINEERING - INFO - Starting Feature Engineering...
2026-01-05 20:07:13,089 - FEATURE_ENGINEERING - INFO - Encoding categorical columns: ['gender', 'course', 'internet_access', 'sleep_quality', 'study_method', 'facility_rating', 'exam_difficulty']
2026-01-05 20:07:13,640 - FEATURE_ENGINEERING - INFO - Saving processed data to outputs/artifacts/processed_train.csv and outputs/artifacts/processed_test.csv
2026-01-05 20:07:15,648 - FEATURE_ENGINEERING - INFO - Feature Engineering completed.
2026-01-05 20:09:37,797 - FEATURE_ENGINEERING - INFO - Starting Feature Engineering...
2026-01-05 20:09:38,315 - FEATURE_ENGINEERING - INFO - Encoding categorical columns: ['gender', 'course', 'internet_access', 'sleep_quality', 'study_method', 'facility_rating', 'exam_difficulty']
2026-01-05 20:09:38,863 - FEATURE_ENGINEERING - INFO - Creating interaction features...
2026-01-05 20:09:38,867 - FEATURE_ENGINEERING - INFO - Saving processed data to outputs/artifacts/processed_train.csv and outputs/artifacts/processed_test.csv
2026-01-05 20:09:41,643 - FEATURE_ENGINEERING - INFO - Feature Engineering completed.
2026-01-05 20:10:48,274 - FEATURE_ENGINEERING - INFO - Starting Feature Engineering...
2026-01-05 20:10:48,811 - FEATURE_ENGINEERING - INFO - Encoding categorical columns: ['gender', 'course', 'internet_access', 'sleep_quality', 'study_method', 'facility_rating', 'exam_difficulty']
2026-01-05 20:10:49,385 - FEATURE_ENGINEERING - INFO - Saving processed data to outputs/artifacts/processed_train.csv and outputs/artifacts/processed_test.csv
2026-01-05 20:10:51,545 - FEATURE_ENGINEERING - INFO - Feature Engineering completed.
2026-01-05 20:19:02,616 - FEATURE_ENGINEERING - INFO - Starting Feature Engineering...
2026-01-05 20:19:03,119 - FEATURE_ENGINEERING - INFO - Encoding categorical columns: ['gender', 'course', 'internet_access', 'sleep_hours', 'sleep_quality', 'study_method', 'facility_rating', 'exam_difficulty']
2026-01-05 20:19:03,745 - FEATURE_ENGINEERING - INFO - Saving processed data to outputs/artifacts/processed_train.csv and outputs/artifacts/processed_test.csv
2026-01-05 20:19:05,387 - FEATURE_ENGINEERING - INFO - Feature Engineering completed.
2026-01-05 20:20:15,228 - FEATURE_ENGINEERING - INFO - Starting Feature Engineering...
2026-01-05 20:20:15,624 - FEATURE_ENGINEERING - INFO - Encoding categorical columns: ['gender', 'course', 'internet_access', 'sleep_quality', 'study_method', 'facility_rating', 'exam_difficulty']
2026-01-05 20:20:16,168 - FEATURE_ENGINEERING - INFO - Saving processed data to outputs/artifacts/processed_train.csv and outputs/artifacts/processed_test.csv
2026-01-05 20:20:17,478 - FEATURE_ENGINEERING - INFO - Feature Engineering completed.
2026-01-05 20:36:14,866 - FEATURE_ENGINEERING - INFO - Starting Feature Engineering...
2026-01-05 20:36:15,275 - FEATURE_ENGINEERING - INFO - Applying Target Encoding to categorical columns: ['gender', 'course', 'internet_access', 'sleep_quality', 'study_method', 'facility_rating', 'exam_difficulty']
2026-01-05 20:36:15,768 - FEATURE_ENGINEERING - INFO - Saving processed data to outputs/artifacts/processed_train.csv and outputs/artifacts/processed_test.csv
2026-01-05 20:36:19,439 - FEATURE_ENGINEERING - INFO - Feature Engineering completed.
2026-01-05 22:01:22,465 - FEATURE_ENGINEERING - INFO - Starting Feature Engineering...
2026-01-05 22:01:22,858 - FEATURE_ENGINEERING - INFO - Creating Segment Features (Binning + Crossing)...
2026-01-05 22:01:23,136 - FEATURE_ENGINEERING - INFO - Applying Target Encoding to categorical columns: ['gender', 'course', 'internet_access', 'sleep_quality', 'study_method', 'facility_rating', 'exam_difficulty', 'sleep_segment', 'attendance_segment']
2026-01-05 22:01:23,836 - FEATURE_ENGINEERING - INFO - Saving processed data to outputs/artifacts/processed_train.csv and outputs/artifacts/processed_test.csv
2026-01-05 22:01:28,283 - FEATURE_ENGINEERING - INFO - Feature Engineering completed.
2026-01-05 22:04:08,436 - FEATURE_ENGINEERING - INFO - Starting Feature Engineering...
2026-01-05 22:04:08,829 - FEATURE_ENGINEERING - INFO - Applying Target Encoding to categorical columns: ['gender', 'course', 'internet_access', 'sleep_quality', 'study_method', 'facility_rating', 'exam_difficulty']
2026-01-05 22:04:09,274 - FEATURE_ENGINEERING - INFO - Saving processed data to outputs/artifacts/processed_train.csv and outputs/artifacts/processed_test.csv
2026-01-05 22:04:12,991 - FEATURE_ENGINEERING - INFO - Feature Engineering completed.
2026-01-05 22:04:37,722 - FEATURE_ENGINEERING - INFO - Starting Feature Engineering...
2026-01-05 22:04:38,113 - FEATURE_ENGINEERING - INFO - Applying Target Encoding to categorical columns: ['gender', 'course', 'internet_access', 'sleep_quality', 'study_method', 'facility_rating', 'exam_difficulty']
2026-01-05 22:04:38,566 - FEATURE_ENGINEERING - INFO - Saving processed data to outputs/artifacts/processed_train.csv and outputs/artifacts/processed_test.csv
2026-01-05 22:04:42,303 - FEATURE_ENGINEERING - INFO - Feature Engineering completed.
2026-01-05 23:04:05,735 - FEATURE_ENGINEERING - INFO - Starting Feature Engineering...
2026-01-05 23:04:06,148 - FEATURE_ENGINEERING - INFO - Applying Target Encoding to categorical columns: ['gender', 'course', 'internet_access', 'sleep_quality', 'study_method', 'facility_rating', 'exam_difficulty']
2026-01-05 23:04:06,613 - FEATURE_ENGINEERING - INFO - Saving processed data to outputs/artifacts/processed_train.csv and outputs/artifacts/processed_test.csv
2026-01-05 23:04:10,529 - FEATURE_ENGINEERING - INFO - Feature Engineering completed.
