2026-01-05 22:08:20,578 - STACKING - INFO - Starting Stacking Ensemble...
2026-01-05 22:08:21,065 - STACKING - INFO - Training Base Models (Level 1)...
2026-01-05 22:08:21,066 - STACKING - INFO - Training Linear...
2026-01-05 22:08:21,356 - STACKING - INFO - Linear OOF RMSE: 8.9117
2026-01-05 22:08:21,357 - STACKING - INFO - Training Ridge...
2026-01-05 22:08:21,584 - STACKING - INFO - Ridge OOF RMSE: 8.9117
2026-01-05 22:08:21,584 - STACKING - INFO - Training RF...
2026-01-05 22:08:42,834 - STACKING - INFO - RF OOF RMSE: 9.0962
2026-01-05 22:08:42,834 - STACKING - INFO - Training XGB...
2026-01-05 22:08:48,808 - STACKING - INFO - XGB OOF RMSE: 8.7685
2026-01-05 22:08:48,809 - STACKING - INFO - Training LGBM...
2026-01-05 22:08:55,262 - STACKING - INFO - LGBM OOF RMSE: 8.7747
2026-01-05 22:08:55,262 - STACKING - INFO - Training Cat...
2026-01-05 22:09:21,605 - STACKING - INFO - Cat OOF RMSE: 8.8041
2026-01-05 22:09:21,605 - STACKING - INFO - Training Meta Model (Level 2)...
2026-01-05 22:09:21,625 - STACKING - INFO - Meta Model Coefficients:
2026-01-05 22:09:21,625 - STACKING - INFO - Linear: -0.0580
2026-01-05 22:09:21,625 - STACKING - INFO - Ridge: -0.0600
2026-01-05 22:09:21,625 - STACKING - INFO - RF: -0.0318
2026-01-05 22:09:21,625 - STACKING - INFO - XGB: 0.5994
2026-01-05 22:09:21,625 - STACKING - INFO - LGBM: 0.4497
2026-01-05 22:09:21,625 - STACKING - INFO - Cat: 0.1002
2026-01-05 22:09:21,636 - STACKING - INFO - Stacking Ensemble OOF RMSE: 8.7612
2026-01-05 22:09:21,832 - STACKING - INFO - Stacking submission saved to outputs/submissions\submission_stacking.csv
2026-01-05 22:42:00,817 - STACKING - INFO - Starting Stacking Ensemble...
2026-01-05 22:42:01,341 - STACKING - INFO - Training Base Models (Level 1)...
2026-01-05 22:42:01,341 - STACKING - INFO - Training Linear...
2026-01-05 22:42:01,620 - STACKING - INFO - Linear OOF RMSE: 8.9117
2026-01-05 22:42:01,620 - STACKING - INFO - Training Ridge...
2026-01-05 22:42:01,849 - STACKING - INFO - Ridge OOF RMSE: 8.9117
2026-01-05 22:42:01,849 - STACKING - INFO - Training RF...
2026-01-05 22:42:21,636 - STACKING - INFO - RF OOF RMSE: 9.0962
2026-01-05 22:42:21,636 - STACKING - INFO - Training XGB...
2026-01-05 22:46:04,639 - STACKING - INFO - Starting Stacking Ensemble...
2026-01-05 22:46:05,126 - STACKING - INFO - Training Base Models (Level 1)...
2026-01-05 22:46:05,126 - STACKING - INFO - Training Linear...
2026-01-05 22:46:05,407 - STACKING - INFO - Linear OOF RMSE: 8.9117
2026-01-05 22:46:05,407 - STACKING - INFO - Training Ridge...
2026-01-05 22:46:05,637 - STACKING - INFO - Ridge OOF RMSE: 8.9117
2026-01-05 22:46:05,637 - STACKING - INFO - Training RF...
2026-01-05 22:46:25,210 - STACKING - INFO - RF OOF RMSE: 9.0962
2026-01-05 22:46:25,210 - STACKING - INFO - Training XGB...
2026-01-05 22:46:59,267 - STACKING - INFO - XGB OOF RMSE: 8.7465
2026-01-05 22:46:59,267 - STACKING - INFO - Training LGBM...
2026-01-05 22:47:27,984 - STACKING - INFO - LGBM OOF RMSE: 8.7478
2026-01-05 22:47:27,984 - STACKING - INFO - Training Cat...
2026-01-05 22:47:54,704 - STACKING - INFO - Cat OOF RMSE: 8.8041
2026-01-05 22:47:54,704 - STACKING - INFO - Training Meta Model (Level 2)...
2026-01-05 22:47:54,722 - STACKING - INFO - Meta Model Coefficients:
2026-01-05 22:47:54,723 - STACKING - INFO - Linear: -0.0226
2026-01-05 22:47:54,723 - STACKING - INFO - Ridge: -0.0221
2026-01-05 22:47:54,723 - STACKING - INFO - RF: 0.0061
2026-01-05 22:47:54,723 - STACKING - INFO - XGB: 0.5169
2026-01-05 22:47:54,723 - STACKING - INFO - LGBM: 0.4967
2026-01-05 22:47:54,723 - STACKING - INFO - Cat: 0.0252
2026-01-05 22:47:54,732 - STACKING - INFO - Stacking Ensemble OOF RMSE: 8.7333
2026-01-05 22:47:54,929 - STACKING - INFO - Stacking submission saved to outputs/submissions\submission_stacking.csv
2026-01-05 23:04:10,533 - STACKING - INFO - Starting Stacking Ensemble...
2026-01-05 23:04:11,023 - STACKING - INFO - Training Base Models (Level 1)...
2026-01-05 23:04:11,023 - STACKING - INFO - Training Linear...
2026-01-05 23:04:11,316 - STACKING - INFO - Linear OOF RMSE: 8.9117
2026-01-05 23:04:11,316 - STACKING - INFO - Training Ridge...
2026-01-05 23:04:11,546 - STACKING - INFO - Ridge OOF RMSE: 8.9117
2026-01-05 23:04:11,547 - STACKING - INFO - Training RF...
2026-01-05 23:04:31,638 - STACKING - INFO - RF OOF RMSE: 9.0962
2026-01-05 23:04:31,639 - STACKING - INFO - Training XGB...
2026-01-05 23:05:05,687 - STACKING - INFO - XGB OOF RMSE: 8.7465
2026-01-05 23:05:05,687 - STACKING - INFO - Training LGBM...
2026-01-05 23:05:35,614 - STACKING - INFO - LGBM OOF RMSE: 8.7478
2026-01-05 23:05:35,614 - STACKING - INFO - Training Cat...
2026-01-05 23:06:02,302 - STACKING - INFO - Cat OOF RMSE: 8.8041
2026-01-05 23:06:02,303 - STACKING - INFO - Training Meta Model (Level 2)...
2026-01-05 23:06:02,320 - STACKING - INFO - Meta Model Coefficients:
2026-01-05 23:06:02,320 - STACKING - INFO - Linear: -0.0226
2026-01-05 23:06:02,321 - STACKING - INFO - Ridge: -0.0221
2026-01-05 23:06:02,321 - STACKING - INFO - RF: 0.0061
2026-01-05 23:06:02,321 - STACKING - INFO - XGB: 0.5169
2026-01-05 23:06:02,321 - STACKING - INFO - LGBM: 0.4967
2026-01-05 23:06:02,321 - STACKING - INFO - Cat: 0.0252
2026-01-05 23:06:02,330 - STACKING - INFO - Stacking Ensemble OOF RMSE: 8.7333
2026-01-05 23:06:02,552 - STACKING - INFO - Stacking submission saved to outputs/submissions\submission_stacking.csv
