2026-01-05 19:20:44,365 - TRAINING - INFO - Starting Model Training...
2026-01-05 19:20:44,366 - TRAINING - INFO - Loading processed data from outputs/artifacts/processed_data.csv
2026-01-05 19:20:44,366 - TRAINING - INFO - Training model with target: exam_score
2026-01-05 19:20:44,366 - TRAINING - INFO - Evaluating model (Placeholder)...
2026-01-05 19:20:44,366 - TRAINING - INFO - Saving model artifact to outputs/artifacts/model.pkl
2026-01-05 19:20:44,366 - TRAINING - INFO - Generating submission file at outputs/submissions/submission.csv
2026-01-05 19:20:44,366 - TRAINING - INFO - Model Training completed.
2026-01-05 19:58:35,951 - TRAINING - INFO - Starting Model Training...
2026-01-05 19:59:04,906 - TRAINING - INFO - Starting Model Training...
2026-01-05 19:59:04,907 - TRAINING - INFO - Loading processed data from outputs/artifacts/processed_train.csv
2026-01-05 19:59:04,907 - TRAINING - INFO - Training model with target: exam_score
2026-01-05 19:59:04,908 - TRAINING - INFO - Evaluating model (Placeholder)...
2026-01-05 19:59:04,908 - TRAINING - INFO - Saving model artifact to outputs/artifacts/model.pkl
2026-01-05 19:59:04,908 - TRAINING - INFO - Generating submission file at outputs/submissions/submission.csv
2026-01-05 19:59:04,908 - TRAINING - INFO - Model Training completed.
2026-01-05 20:00:39,908 - TRAINING - INFO - Starting Model Training...
2026-01-05 20:00:39,909 - TRAINING - INFO - Loading processed data from outputs/artifacts/processed_train.csv
2026-01-05 20:00:39,909 - TRAINING - INFO - Training model with target: exam_score
2026-01-05 20:00:39,909 - TRAINING - INFO - Evaluating model (Placeholder)...
2026-01-05 20:00:39,909 - TRAINING - INFO - Saving model artifact to outputs/artifacts/model.pkl
2026-01-05 20:00:39,909 - TRAINING - INFO - Generating submission file at outputs/submissions/submission.csv
2026-01-05 20:00:39,909 - TRAINING - INFO - Model Training completed.
2026-01-05 20:03:49,416 - TRAINING - INFO - Starting Model Training...
2026-01-05 20:03:49,417 - TRAINING - INFO - Loading processed data from outputs/artifacts/processed_train.csv
2026-01-05 20:03:49,687 - TRAINING - INFO - Starting 5-Fold Cross-Validation...
2026-01-05 20:04:54,949 - TRAINING - INFO - Starting Model Training...
2026-01-05 20:04:54,949 - TRAINING - INFO - Loading processed data from outputs/artifacts/processed_train.csv
2026-01-05 20:04:55,213 - TRAINING - INFO - Starting 5-Fold Cross-Validation...
2026-01-05 20:04:58,034 - TRAINING - INFO - Fold 1 RMSE: 8.7517
2026-01-05 20:05:01,590 - TRAINING - INFO - Fold 2 RMSE: 8.7558
2026-01-05 20:05:05,026 - TRAINING - INFO - Fold 3 RMSE: 8.7470
2026-01-05 20:05:08,593 - TRAINING - INFO - Fold 4 RMSE: 8.7677
2026-01-05 20:05:11,841 - TRAINING - INFO - Fold 5 RMSE: 8.7802
2026-01-05 20:05:11,842 - TRAINING - INFO - Average RMSE: 8.7605
2026-01-05 20:05:11,842 - TRAINING - INFO - Retraining model on full dataset...
2026-01-05 20:05:14,381 - TRAINING - INFO - Model saved to outputs/artifacts/model.pkl
2026-01-05 20:05:14,381 - TRAINING - INFO - Generating predictions for test set...
2026-01-05 20:05:14,835 - TRAINING - INFO - Submission file saved to outputs/submissions/submission.csv
2026-01-05 20:05:14,835 - TRAINING - INFO - Model Training completed.
2026-01-05 20:07:15,653 - TRAINING - INFO - Starting Model Training...
2026-01-05 20:07:15,653 - TRAINING - INFO - Loading processed data from outputs/artifacts/processed_train.csv
2026-01-05 20:07:16,004 - TRAINING - INFO - Starting 5-Fold Cross-Validation...
2026-01-05 20:07:19,141 - TRAINING - INFO - Fold 1 RMSE: 8.7517
2026-01-05 20:07:22,277 - TRAINING - INFO - Fold 2 RMSE: 8.7558
2026-01-05 20:07:25,673 - TRAINING - INFO - Fold 3 RMSE: 8.7470
2026-01-05 20:07:29,591 - TRAINING - INFO - Fold 4 RMSE: 8.7677
2026-01-05 20:07:33,767 - TRAINING - INFO - Fold 5 RMSE: 8.7802
2026-01-05 20:07:33,768 - TRAINING - INFO - Average RMSE: 8.7605
2026-01-05 20:07:33,768 - TRAINING - INFO - Retraining model on full dataset...
2026-01-05 20:07:36,482 - TRAINING - INFO - Model saved to outputs/artifacts/model.pkl
2026-01-05 20:07:36,482 - TRAINING - INFO - Generating predictions for test set...
2026-01-05 20:07:36,992 - TRAINING - INFO - Submission file saved to outputs/submissions/submission.csv
2026-01-05 20:07:36,992 - TRAINING - INFO - Model Training completed.
2026-01-05 20:09:41,648 - TRAINING - INFO - Starting Model Training...
2026-01-05 20:09:41,648 - TRAINING - INFO - Loading processed data from outputs/artifacts/processed_train.csv
2026-01-05 20:09:42,107 - TRAINING - INFO - Starting 5-Fold Cross-Validation...
2026-01-05 20:09:45,646 - TRAINING - INFO - Fold 1 RMSE: 8.7534
2026-01-05 20:09:49,029 - TRAINING - INFO - Fold 2 RMSE: 8.7582
2026-01-05 20:09:52,503 - TRAINING - INFO - Fold 3 RMSE: 8.7473
2026-01-05 20:09:55,931 - TRAINING - INFO - Fold 4 RMSE: 8.7694
2026-01-05 20:09:59,396 - TRAINING - INFO - Fold 5 RMSE: 8.7789
2026-01-05 20:09:59,397 - TRAINING - INFO - Average RMSE: 8.7614
2026-01-05 20:09:59,397 - TRAINING - INFO - Retraining model on full dataset...
2026-01-05 20:10:03,055 - TRAINING - INFO - Model saved to outputs/artifacts/model.pkl
2026-01-05 20:10:03,055 - TRAINING - INFO - Generating predictions for test set...
2026-01-05 20:10:03,555 - TRAINING - INFO - Submission file saved to outputs/submissions/submission.csv
2026-01-05 20:10:03,555 - TRAINING - INFO - Model Training completed.
2026-01-05 20:10:51,550 - TRAINING - INFO - Starting Model Training...
2026-01-05 20:10:51,550 - TRAINING - INFO - Loading processed data from outputs/artifacts/processed_train.csv
2026-01-05 20:10:51,909 - TRAINING - INFO - Starting 5-Fold Cross-Validation...
2026-01-05 20:10:54,659 - TRAINING - INFO - Fold 1 RMSE: 8.7517
2026-01-05 20:10:57,892 - TRAINING - INFO - Fold 2 RMSE: 8.7558
2026-01-05 20:11:01,146 - TRAINING - INFO - Fold 3 RMSE: 8.7470
2026-01-05 20:11:04,433 - TRAINING - INFO - Fold 4 RMSE: 8.7677
2026-01-05 20:11:07,682 - TRAINING - INFO - Fold 5 RMSE: 8.7802
2026-01-05 20:11:07,682 - TRAINING - INFO - Average RMSE: 8.7605
2026-01-05 20:11:07,682 - TRAINING - INFO - Retraining model on full dataset...
2026-01-05 20:11:10,225 - TRAINING - INFO - Model saved to outputs/artifacts/model.pkl
2026-01-05 20:11:10,225 - TRAINING - INFO - Generating predictions for test set...
2026-01-05 20:11:10,695 - TRAINING - INFO - Submission file saved to outputs/submissions/submission.csv
2026-01-05 20:11:10,695 - TRAINING - INFO - Model Training completed.
2026-01-05 20:19:05,391 - TRAINING - INFO - Starting Model Training...
2026-01-05 20:19:05,392 - TRAINING - INFO - Loading processed data from outputs/artifacts/processed_train.csv
2026-01-05 20:19:05,696 - TRAINING - INFO - Starting 5-Fold Cross-Validation...
2026-01-05 20:19:09,097 - TRAINING - INFO - Fold 1 RMSE: 8.7671
2026-01-05 20:19:12,289 - TRAINING - INFO - Fold 2 RMSE: 8.7685
2026-01-05 20:19:15,472 - TRAINING - INFO - Fold 3 RMSE: 8.7632
2026-01-05 20:19:18,620 - TRAINING - INFO - Fold 4 RMSE: 8.7817
2026-01-05 20:19:21,571 - TRAINING - INFO - Fold 5 RMSE: 8.7999
2026-01-05 20:19:21,571 - TRAINING - INFO - Average RMSE: 8.7761
2026-01-05 20:19:21,571 - TRAINING - INFO - Retraining model on full dataset...
2026-01-05 20:19:24,194 - TRAINING - INFO - Model saved to outputs/artifacts/model.pkl
2026-01-05 20:19:24,194 - TRAINING - INFO - Generating predictions for test set...
2026-01-05 20:19:24,689 - TRAINING - INFO - Submission file saved to outputs/submissions/submission.csv
2026-01-05 20:19:24,689 - TRAINING - INFO - Model Training completed.
2026-01-05 20:20:17,483 - TRAINING - INFO - Starting Model Training...
2026-01-05 20:20:17,483 - TRAINING - INFO - Loading processed data from outputs/artifacts/processed_train.csv
2026-01-05 20:20:17,703 - TRAINING - INFO - Starting 5-Fold Cross-Validation...
2026-01-05 20:20:20,531 - TRAINING - INFO - Fold 1 RMSE: 8.7517
2026-01-05 20:20:23,658 - TRAINING - INFO - Fold 2 RMSE: 8.7558
2026-01-05 20:20:26,933 - TRAINING - INFO - Fold 3 RMSE: 8.7470
2026-01-05 20:20:30,245 - TRAINING - INFO - Fold 4 RMSE: 8.7677
2026-01-05 20:20:33,494 - TRAINING - INFO - Fold 5 RMSE: 8.7802
2026-01-05 20:20:33,495 - TRAINING - INFO - Average RMSE: 8.7605
2026-01-05 20:20:33,495 - TRAINING - INFO - Retraining model on full dataset...
2026-01-05 20:20:36,027 - TRAINING - INFO - Model saved to outputs/artifacts/model.pkl
2026-01-05 20:20:36,027 - TRAINING - INFO - Generating predictions for test set...
2026-01-05 20:20:36,507 - TRAINING - INFO - Submission file saved to outputs/submissions/submission.csv
2026-01-05 20:20:36,507 - TRAINING - INFO - Model Training completed.
